<?xml version='1.0'?>
<ns2:test-suite xmlns:ns2='urn:model.allure.qatools.yandex.ru' start='1607479378136' stop='1607479379349'>
    <name>Get people api star wars:</name>
    <title>Get people api star wars:</title>
    <test-cases>
        <test-case start='1607479378137' status='failed' stop='1607479379344'>
            <name>GET request for people api - star wars</name>
            <title>GET request for people api - star wars</title>
            <labels/>
            <parameters/>
            <steps>
                <step start='1607479378145' status='passed' stop='1607479379343'>
                    <name>I send get request "/people/1/"</name>
                    <title>I send get request "/people/1/"</title>
                    <attachments/>
                    <steps/>
                </step>
            </steps>
            <attachments/>
            <failure>
                <message>undefined == 200</message>
                <stack-trace>AssertionError [ERR_ASSERTION]: undefined == 200
                    at Object.assertPeopleEndpointValues (/Users/rautomaz/Documents/estudos/codeceptjs-rest-star-wars/endpoints/peopleEndpoint.js:11:16)
                    at Test.&lt;anonymous> (/Users/rautomaz/Documents/estudos/codeceptjs-rest-star-wars/tests/GET_people_test.js:7:20)
                    at Context.test.fn (/usr/local/lib/node_modules/codeceptjs/lib/scenario.js:91:14)
                    at callFnAsync (/usr/local/lib/node_modules/codeceptjs/node_modules/mocha/lib/runnable.js:386:21)
                    at Test.Runnable.run (/usr/local/lib/node_modules/codeceptjs/node_modules/mocha/lib/runnable.js:330:7)
                    at Runner.runTest (/usr/local/lib/node_modules/codeceptjs/node_modules/mocha/lib/runner.js:621:10)
                    at /usr/local/lib/node_modules/codeceptjs/node_modules/mocha/lib/runner.js:745:12
                    at next (/usr/local/lib/node_modules/codeceptjs/node_modules/mocha/lib/runner.js:538:14)
                    at /usr/local/lib/node_modules/codeceptjs/node_modules/mocha/lib/runner.js:548:7
                    at next (/usr/local/lib/node_modules/codeceptjs/node_modules/mocha/lib/runner.js:430:14)</stack-trace>
            </failure>
        </test-case>
    </test-cases>
</ns2:test-suite>